<?xml version="1.0" encoding="UTF-8"?>
<!-- Generated by org.testng.reporters.JUnitReportReporter -->
<testsuite hostname="DESKTOP-5OMQL0Q" failures="0" tests="4" name="Testpackage.TestNGclass1" time="0.020" errors="0" timestamp="2023-03-17T10:03:03 IST" skipped="0">
  <testcase classname="Testpackage.TestNGclass1" name="sample2" time="0.009"/>
  <system-out/>
  <testcase classname="Testpackage.TestNGclass1" name="sample1" time="0.003"/>
  <system-out/>
  <testcase classname="Testpackage.TestNGclass1" name="best3" time="0.006"/>
  <system-out/>
  <testcase classname="Testpackage.TestNGclass1" name="sample1" time="0.002"/>
  <system-out/>
</testsuite> <!-- Testpackage.TestNGclass1 -->
